<?xml version="1.0" encoding="UTF-8"?>
<!-- Generated by org.testng.reporters.JUnitXMLReporter -->
<testsuite ignored="0" hostname="DESKTOP-QI4JHSQ" failures="0" tests="3" name="TestGC" time="124.149" errors="0" timestamp="2021-12-24T14:50:14 IST">
  <testcase classname="scripts.Demo" name="testA" time="0.099"/>
  <testcase classname="scripts.InvalidLogin" name="testInvalidLogin" time="8.166"/>
  <testcase classname="scripts.ValidLogin" name="testValidLogin" time="5.962"/>
</testsuite> <!-- TestGC -->
