<?xml version="1.0" encoding="UTF-8"?>
<!-- Generated by org.testng.reporters.JUnitXMLReporter -->
<testsuite ignored="0" hostname="DESKTOP-QI4JHSQ" failures="0" tests="3" name="TestMFF" time="93.644" errors="0" timestamp="2021-12-24T14:51:48 IST">
  <testcase classname="scripts.Demo" name="testA" time="0.029"/>
  <testcase classname="scripts.InvalidLogin" name="testInvalidLogin" time="3.876"/>
  <testcase classname="scripts.ValidLogin" name="testValidLogin" time="6.146"/>
</testsuite> <!-- TestMFF -->
