<?xml version="1.0" encoding="UTF-8"?>
<testng-results ignored="0" total="2" passed="2" failed="0" skipped="0">
  <reporter-output>
    <line>
      <![CDATA[Setting ETO:8]]>
    </line>
    <line>
      <![CDATA[XL Data:admin]]>
    </line>
    <line>
      <![CDATA[Demo test]]>
    </line>
    <line>
      <![CDATA[Closing the Browser]]>
    </line>
    <line>
      <![CDATA[Setting ETO:8]]>
    </line>
    <line>
      <![CDATA[Closing the Browser]]>
    </line>
  </reporter-output>
  <suite started-at="2021-12-23T09:47:48 IST" name="Suite" finished-at="2021-12-23T09:48:25 IST" duration-ms="36902">
    <groups>
      <group name="smoke">
        <method signature="ValidLogin.testValidLogin()[pri:1, instance:scripts.ValidLogin@3d9f6567]" name="testValidLogin" class="scripts.ValidLogin"/>
      </group> <!-- smoke -->
    </groups>
    <test started-at="2021-12-23T09:47:48 IST" name="Test" finished-at="2021-12-23T09:48:25 IST" duration-ms="36902">
      <class name="scripts.Demo">
        <test-method is-config="true" signature="openApp()[pri:0, instance:scripts.Demo@23bff419]" started-at="2021-12-23T09:47:48 IST" name="openApp" finished-at="2021-12-23T09:48:03 IST" duration-ms="15604" status="PASS">
          <reporter-output>
            <line>
              <![CDATA[Setting ETO:8]]>
            </line>
          </reporter-output>
        </test-method> <!-- openApp -->
        <test-method signature="testA()[pri:0, instance:scripts.Demo@23bff419]" started-at="2021-12-23T09:48:03 IST" name="testA" finished-at="2021-12-23T09:48:05 IST" duration-ms="1705" status="PASS">
          <reporter-output>
            <line>
              <![CDATA[XL Data:admin]]>
            </line>
            <line>
              <![CDATA[Demo test]]>
            </line>
          </reporter-output>
        </test-method> <!-- testA -->
        <test-method is-config="true" signature="closeApp()[pri:0, instance:scripts.Demo@23bff419]" started-at="2021-12-23T09:48:05 IST" name="closeApp" finished-at="2021-12-23T09:48:06 IST" duration-ms="804" status="PASS">
          <reporter-output>
            <line>
              <![CDATA[Closing the Browser]]>
            </line>
          </reporter-output>
        </test-method> <!-- closeApp -->
      </class> <!-- scripts.Demo -->
      <class name="scripts.ValidLogin">
        <test-method is-config="true" signature="openApp()[pri:0, instance:scripts.ValidLogin@3d9f6567]" started-at="2021-12-23T09:48:06 IST" name="openApp" finished-at="2021-12-23T09:48:16 IST" duration-ms="9977" status="PASS">
          <reporter-output>
            <line>
              <![CDATA[Setting ETO:8]]>
            </line>
          </reporter-output>
        </test-method> <!-- openApp -->
        <test-method signature="testValidLogin()[pri:1, instance:scripts.ValidLogin@3d9f6567]" started-at="2021-12-23T09:48:16 IST" name="testValidLogin" finished-at="2021-12-23T09:48:24 IST" duration-ms="7868" status="PASS">
          <reporter-output>
          </reporter-output>
        </test-method> <!-- testValidLogin -->
        <test-method is-config="true" signature="closeApp()[pri:0, instance:scripts.ValidLogin@3d9f6567]" started-at="2021-12-23T09:48:24 IST" name="closeApp" finished-at="2021-12-23T09:48:25 IST" duration-ms="802" status="PASS">
          <reporter-output>
            <line>
              <![CDATA[Closing the Browser]]>
            </line>
          </reporter-output>
        </test-method> <!-- closeApp -->
      </class> <!-- scripts.ValidLogin -->
    </test> <!-- Test -->
  </suite> <!-- Suite -->
</testng-results>
